Performing C SOURCE FILE Test CMAKE_HAVE_LIBC_PTHREAD failed with the following output:
Change Dir: /home/supercmmetry/Projects/hybridzip/cmake-build-release/CMakeFiles/CMakeTmp

Run Build Command(s):/usr/bin/make cmTC_88e08/fast && /usr/bin/make -f CMakeFiles/cmTC_88e08.dir/build.make CMakeFiles/cmTC_88e08.dir/build
make[1]: Entering directory '/home/supercmmetry/Projects/hybridzip/cmake-build-release/CMakeFiles/CMakeTmp'
Building C object CMakeFiles/cmTC_88e08.dir/src.c.o
/usr/bin/clang   -DCMAKE_HAVE_LIBC_PTHREAD   -o CMakeFiles/cmTC_88e08.dir/src.c.o   -c /home/supercmmetry/Projects/hybridzip/cmake-build-release/CMakeFiles/CMakeTmp/src.c
Linking C executable cmTC_88e08
/home/supercmmetry/.local/share/JetBrains/Toolbox/apps/CLion/ch-0/201.7846.88/bin/cmake/linux/bin/cmake -E cmake_link_script CMakeFiles/cmTC_88e08.dir/link.txt --verbose=1
/usr/bin/clang  -DCMAKE_HAVE_LIBC_PTHREAD    CMakeFiles/cmTC_88e08.dir/src.c.o  -o cmTC_88e08 
/usr/bin/ld: CMakeFiles/cmTC_88e08.dir/src.c.o: in function `main':
src.c:(.text+0x32): undefined reference to `pthread_create'
/usr/bin/ld: src.c:(.text+0x3e): undefined reference to `pthread_detach'
/usr/bin/ld: src.c:(.text+0x50): undefined reference to `pthread_join'
clang-10: error: linker command failed with exit code 1 (use -v to see invocation)
make[1]: *** [CMakeFiles/cmTC_88e08.dir/build.make:87: cmTC_88e08] Error 1
make[1]: Leaving directory '/home/supercmmetry/Projects/hybridzip/cmake-build-release/CMakeFiles/CMakeTmp'
make: *** [Makefile:121: cmTC_88e08/fast] Error 2


Source file was:
#include <pthread.h>

void* test_func(void* data)
{
  return data;
}

int main(void)
{
  pthread_t thread;
  pthread_create(&thread, NULL, test_func, NULL);
  pthread_detach(thread);
  pthread_join(thread, NULL);
  pthread_atfork(NULL, NULL, NULL);
  pthread_exit(NULL);

  return 0;
}

Determining if the function pthread_create exists in the pthreads failed with the following output:
Change Dir: /home/supercmmetry/Projects/hybridzip/cmake-build-release/CMakeFiles/CMakeTmp

Run Build Command(s):/usr/bin/make cmTC_6523e/fast && /usr/bin/make -f CMakeFiles/cmTC_6523e.dir/build.make CMakeFiles/cmTC_6523e.dir/build
make[1]: Entering directory '/home/supercmmetry/Projects/hybridzip/cmake-build-release/CMakeFiles/CMakeTmp'
Building C object CMakeFiles/cmTC_6523e.dir/CheckFunctionExists.c.o
/usr/bin/clang   -DCHECK_FUNCTION_EXISTS=pthread_create   -o CMakeFiles/cmTC_6523e.dir/CheckFunctionExists.c.o   -c /home/supercmmetry/.local/share/JetBrains/Toolbox/apps/CLion/ch-0/201.7846.88/bin/cmake/linux/share/cmake-3.16/Modules/CheckFunctionExists.c
Linking C executable cmTC_6523e
/home/supercmmetry/.local/share/JetBrains/Toolbox/apps/CLion/ch-0/201.7846.88/bin/cmake/linux/bin/cmake -E cmake_link_script CMakeFiles/cmTC_6523e.dir/link.txt --verbose=1
/usr/bin/clang  -DCHECK_FUNCTION_EXISTS=pthread_create    CMakeFiles/cmTC_6523e.dir/CheckFunctionExists.c.o  -o cmTC_6523e  -lpthreads 
/usr/bin/ld: cannot find -lpthreads
clang-10: error: linker command failed with exit code 1 (use -v to see invocation)
make[1]: *** [CMakeFiles/cmTC_6523e.dir/build.make:87: cmTC_6523e] Error 1
make[1]: Leaving directory '/home/supercmmetry/Projects/hybridzip/cmake-build-release/CMakeFiles/CMakeTmp'
make: *** [Makefile:121: cmTC_6523e/fast] Error 2



